Flow report for CP0
Tue Jul 27 21:54:59 2010
Quartus II Version 7.2 Build 151 09/26/2007 SJ Full Version


---------------------
; Table of Contents ;
---------------------
  1. Legal Notice
  2. Flow Summary
  3. Flow Settings
  4. Flow Non-Default Global Settings
  5. Flow Elapsed Time
  6. Flow Log



----------------
; Legal Notice ;
----------------
Copyright (C) 1991-2007 Altera Corporation
Your use of Altera Corporation's design tools, logic functions 
and other software and tools, and its AMPP partner logic 
functions, and any output files from any of the foregoing 
(including device programming or simulation files), and any 
associated documentation or information are expressly subject 
to the terms and conditions of the Altera Program License 
Subscription Agreement, Altera MegaCore Function License 
Agreement, or other applicable license agreement, including, 
without limitation, that your use is for the sole purpose of 
programming logic devices manufactured by Altera and sold by 
Altera or its authorized distributors.  Please refer to the 
applicable agreement for further details.



+---------------------------------------------------------------------+
; Flow Summary                                                        ;
+--------------------------+------------------------------------------+
; Flow Status              ; Successful - Tue Jul 27 21:54:59 2010    ;
; Quartus II Version       ; 7.2 Build 151 09/26/2007 SJ Full Version ;
; Revision Name            ; CP0                                      ;
; Top-level Entity Name    ; CP0                                      ;
; Family                   ; Cyclone                                  ;
; Device                   ; EP1C12Q240C8                             ;
; Timing Models            ; Final                                    ;
; Met timing requirements  ; Yes                                      ;
; Total logic elements     ; 1,233 / 12,060 ( 10 % )                  ;
; Total pins               ; 110 / 173 ( 64 % )                       ;
; Total virtual pins       ; 0                                        ;
; Total memory bits        ; 0 / 239,616 ( 0 % )                      ;
; DSP block 9-bit elements ; N/A until Partition Merge                ;
; Total PLLs               ; 0 / 2 ( 0 % )                            ;
; Total DLLs               ; N/A until Partition Merge                ;
+--------------------------+------------------------------------------+


+-----------------------------------------+
; Flow Settings                           ;
+-------------------+---------------------+
; Option            ; Setting             ;
+-------------------+---------------------+
; Start date & time ; 07/27/2010 21:54:34 ;
; Main task         ; Compilation         ;
; Revision Name     ; CP0                 ;
+-------------------+---------------------+


+-----------------------------------------------------------------------------------------+
; Flow Non-Default Global Settings                                                        ;
+------------------------------------+---------+---------------+-------------+------------+
; Assignment Name                    ; Value   ; Default Value ; Entity Name ; Section Id ;
+------------------------------------+---------+---------------+-------------+------------+
; PARTITION_COLOR                    ; 2147039 ; --            ; --          ; Top        ;
; PARTITION_NETLIST_TYPE             ; SOURCE  ; --            ; --          ; Top        ;
; USE_GENERATED_PHYSICAL_CONSTRAINTS ; Off     ; --            ; --          ; eda_palace ;
+------------------------------------+---------+---------------+-------------+------------+


+------------------------------------------------------------------+
; Flow Elapsed Time                                                ;
+-------------------------+--------------+-------------------------+
; Module Name             ; Elapsed Time ; Average Processors Used ;
+-------------------------+--------------+-------------------------+
; Analysis & Synthesis    ; 00:00:05     ; 1.0                     ;
; Fitter                  ; 00:00:11     ; 1.0                     ;
; Assembler               ; 00:00:03     ; 1.0                     ;
; Classic Timing Analyzer ; 00:00:01     ; 1.0                     ;
; Total                   ; 00:00:20     ; --                      ;
+-------------------------+--------------+-------------------------+


------------
; Flow Log ;
------------
quartus_map --read_settings_files=on --write_settings_files=off CP0 -c CP0
quartus_fit --read_settings_files=off --write_settings_files=off CP0 -c CP0
quartus_asm --read_settings_files=off --write_settings_files=off CP0 -c CP0
quartus_tan --read_settings_files=off --write_settings_files=off CP0 -c CP0 --timing_analysis_only



