Analysis & Synthesis report for MIPSC
Tue Jul 20 13:48:50 2010
Quartus II Version 7.2 Build 151 09/26/2007 SJ Full Version


---------------------
; Table of Contents ;
---------------------
  1. Legal Notice
  2. Analysis & Synthesis Summary
  3. Analysis & Synthesis Settings
  4. Analysis & Synthesis Source Files Read
  5. Analysis & Synthesis Resource Usage Summary
  6. Analysis & Synthesis Resource Utilization by Entity
  7. General Register Statistics
  8. Inverted Register Statistics
  9. Multiplexer Restructuring Statistics (Restructuring Performed)
 10. Analysis & Synthesis Messages
 11. Analysis & Synthesis Suppressed Messages



----------------
; Legal Notice ;
----------------
Copyright (C) 1991-2007 Altera Corporation
Your use of Altera Corporation's design tools, logic functions 
and other software and tools, and its AMPP partner logic 
functions, and any output files from any of the foregoing 
(including device programming or simulation files), and any 
associated documentation or information are expressly subject 
to the terms and conditions of the Altera Program License 
Subscription Agreement, Altera MegaCore Function License 
Agreement, or other applicable license agreement, including, 
without limitation, that your use is for the sole purpose of 
programming logic devices manufactured by Altera and sold by 
Altera or its authorized distributors.  Please refer to the 
applicable agreement for further details.



+------------------------------------------------------------------------+
; Analysis & Synthesis Summary                                           ;
+-----------------------------+------------------------------------------+
; Analysis & Synthesis Status ; Successful - Tue Jul 20 13:48:50 2010    ;
; Quartus II Version          ; 7.2 Build 151 09/26/2007 SJ Full Version ;
; Revision Name               ; MIPSC                                    ;
; Top-level Entity Name       ; PC                                       ;
; Family                      ; Cyclone                                  ;
; Total logic elements        ; 93                                       ;
; Total pins                  ; 166                                      ;
; Total virtual pins          ; 0                                        ;
; Total memory bits           ; 0                                        ;
; DSP block 9-bit elements    ; N/A until Partition Merge                ;
; Total PLLs                  ; 0                                        ;
; Total DLLs                  ; N/A until Partition Merge                ;
+-----------------------------+------------------------------------------+


+--------------------------------------------------------------------------------------------------------------------------+
; Analysis & Synthesis Settings                                                                                            ;
+--------------------------------------------------------------------------------+--------------------+--------------------+
; Option                                                                         ; Setting            ; Default Value      ;
+--------------------------------------------------------------------------------+--------------------+--------------------+
; Device                                                                         ; EP1C12Q240C8       ;                    ;
; Top-level entity name                                                          ; PC                 ; MIPSC              ;
; Family name                                                                    ; Cyclone            ; Stratix II         ;
; Use Generated Physical Constraints File                                        ; Off                ;                    ;
; Use smart compilation                                                          ; Off                ; Off                ;
; Maximum processors allowed for parallel compilation                            ; 1                  ; 1                  ;
; Restructure Multiplexers                                                       ; Auto               ; Auto               ;
; Create Debugging Nodes for IP Cores                                            ; Off                ; Off                ;
; Preserve fewer node names                                                      ; On                 ; On                 ;
; Disable OpenCore Plus hardware evaluation                                      ; Off                ; Off                ;
; Verilog Version                                                                ; Verilog_2001       ; Verilog_2001       ;
; VHDL Version                                                                   ; VHDL93             ; VHDL93             ;
; State Machine Processing                                                       ; Auto               ; Auto               ;
; Safe State Machine                                                             ; Off                ; Off                ;
; Extract Verilog State Machines                                                 ; On                 ; On                 ;
; Extract VHDL State Machines                                                    ; On                 ; On                 ;
; Ignore Verilog initial constructs                                              ; Off                ; Off                ;
; Add Pass-Through Logic to Inferred RAMs                                        ; On                 ; On                 ;
; Parallel Synthesis                                                             ; Off                ; Off                ;
; NOT Gate Push-Back                                                             ; On                 ; On                 ;
; Power-Up Don't Care                                                            ; On                 ; On                 ;
; Remove Redundant Logic Cells                                                   ; Off                ; Off                ;
; Remove Duplicate Registers                                                     ; On                 ; On                 ;
; Ignore CARRY Buffers                                                           ; Off                ; Off                ;
; Ignore CASCADE Buffers                                                         ; Off                ; Off                ;
; Ignore GLOBAL Buffers                                                          ; Off                ; Off                ;
; Ignore ROW GLOBAL Buffers                                                      ; Off                ; Off                ;
; Ignore LCELL Buffers                                                           ; Off                ; Off                ;
; Ignore SOFT Buffers                                                            ; On                 ; On                 ;
; Limit AHDL Integers to 32 Bits                                                 ; Off                ; Off                ;
; Optimization Technique -- Cyclone                                              ; Balanced           ; Balanced           ;
; Carry Chain Length -- Stratix/Stratix GX/Cyclone/MAX II/Cyclone II/Cyclone III ; 70                 ; 70                 ;
; Auto Carry Chains                                                              ; On                 ; On                 ;
; Auto Open-Drain Pins                                                           ; On                 ; On                 ;
; Perform WYSIWYG Primitive Resynthesis                                          ; Off                ; Off                ;
; Perform gate-level register retiming                                           ; Off                ; Off                ;
; Allow register retiming to trade off Tsu/Tco with Fmax                         ; On                 ; On                 ;
; Auto ROM Replacement                                                           ; On                 ; On                 ;
; Auto RAM Replacement                                                           ; On                 ; On                 ;
; Auto Shift Register Replacement                                                ; Auto               ; Auto               ;
; Auto Clock Enable Replacement                                                  ; On                 ; On                 ;
; Allow Synchronous Control Signals                                              ; On                 ; On                 ;
; Force Use of Synchronous Clear Signals                                         ; Off                ; Off                ;
; Auto RAM Block Balancing                                                       ; On                 ; On                 ;
; Auto RAM to Logic Cell Conversion                                              ; Off                ; Off                ;
; Auto Resource Sharing                                                          ; Off                ; Off                ;
; Allow Any RAM Size For Recognition                                             ; Off                ; Off                ;
; Allow Any ROM Size For Recognition                                             ; Off                ; Off                ;
; Allow Any Shift Register Size For Recognition                                  ; Off                ; Off                ;
; Ignore translate_off and synthesis_off directives                              ; Off                ; Off                ;
; Show Parameter Settings Tables in Synthesis Report                             ; On                 ; On                 ;
; Ignore Maximum Fan-Out Assignments                                             ; Off                ; Off                ;
; Retiming Meta-Stability Register Sequence Length                               ; 2                  ; 2                  ;
; PowerPlay Power Optimization                                                   ; Normal compilation ; Normal compilation ;
; HDL message level                                                              ; Level2             ; Level2             ;
; Suppress Register Optimization Related Messages                                ; Off                ; Off                ;
; Number of Removed Registers Reported in Synthesis Report                       ; 100                ; 100                ;
; Clock MUX Protection                                                           ; On                 ; On                 ;
; Block Design Naming                                                            ; Auto               ; Auto               ;
+--------------------------------------------------------------------------------+--------------------+--------------------+


+------------------------------------------------------------------------------------------------------------+
; Analysis & Synthesis Source Files Read                                                                     ;
+----------------------------------+-----------------+------------------------+------------------------------+
; File Name with User-Entered Path ; Used in Netlist ; File Type              ; File Name with Absolute Path ;
+----------------------------------+-----------------+------------------------+------------------------------+
; PC.v                             ; yes             ; User Verilog HDL File  ; E:/My booK/计组/5/MIPSC/PC.v ;
+----------------------------------+-----------------+------------------------+------------------------------+


+--------------------------------------------------------------+
; Analysis & Synthesis Resource Usage Summary                  ;
+---------------------------------------------+----------------+
; Resource                                    ; Usage          ;
+---------------------------------------------+----------------+
; Total logic elements                        ; 93             ;
;     -- Combinational with no register       ; 61             ;
;     -- Register only                        ; 0              ;
;     -- Combinational with a register        ; 32             ;
;                                             ;                ;
; Logic element usage by number of LUT inputs ;                ;
;     -- 4 input functions                    ; 65             ;
;     -- 3 input functions                    ; 27             ;
;     -- 2 input functions                    ; 1              ;
;     -- 1 input functions                    ; 0              ;
;     -- 0 input functions                    ; 0              ;
;                                             ;                ;
; Logic elements by mode                      ;                ;
;     -- normal mode                          ; 93             ;
;     -- arithmetic mode                      ; 0              ;
;     -- qfbk mode                            ; 0              ;
;     -- register cascade mode                ; 0              ;
;     -- synchronous clear/load mode          ; 0              ;
;     -- asynchronous clear/load mode         ; 32             ;
;                                             ;                ;
; Total registers                             ; 32             ;
; I/O pins                                    ; 166            ;
; Maximum fan-out node                        ; PC_out[0]~1890 ;
; Maximum fan-out                             ; 39             ;
; Total fan-out                               ; 471            ;
; Average fan-out                             ; 1.82           ;
+---------------------------------------------+----------------+


+-----------------------------------------------------------------------------------------------------------------------------------------------------------------------------------------------------------------------+
; Analysis & Synthesis Resource Utilization by Entity                                                                                                                                                                   ;
+----------------------------+-------------+--------------+-------------+------+--------------+--------------+-------------------+------------------+-----------------+------------+---------------------+--------------+
; Compilation Hierarchy Node ; Logic Cells ; LC Registers ; Memory Bits ; Pins ; Virtual Pins ; LUT-Only LCs ; Register-Only LCs ; LUT/Register LCs ; Carry Chain LCs ; Packed LCs ; Full Hierarchy Name ; Library Name ;
+----------------------------+-------------+--------------+-------------+------+--------------+--------------+-------------------+------------------+-----------------+------------+---------------------+--------------+
; |PC                        ; 93 (93)     ; 32           ; 0           ; 166  ; 0            ; 61 (61)      ; 0 (0)             ; 32 (32)          ; 0 (0)           ; 0 (0)      ; |PC                 ; work         ;
+----------------------------+-------------+--------------+-------------+------+--------------+--------------+-------------------+------------------+-----------------+------------+---------------------+--------------+
Note: For table entries with two numbers listed, the numbers in parentheses indicate the number of resources of the given type used by the specific entity alone. The numbers listed outside of parentheses indicate the total resources of the given type used by the specific entity and all of its sub-entities in the hierarchy.


+------------------------------------------------------+
; General Register Statistics                          ;
+----------------------------------------------+-------+
; Statistic                                    ; Value ;
+----------------------------------------------+-------+
; Total registers                              ; 32    ;
; Number of registers using Synchronous Clear  ; 0     ;
; Number of registers using Synchronous Load   ; 0     ;
; Number of registers using Asynchronous Clear ; 32    ;
; Number of registers using Asynchronous Load  ; 0     ;
; Number of registers using Clock Enable       ; 32    ;
; Number of registers using Preset             ; 0     ;
+----------------------------------------------+-------+


+--------------------------------------------------+
; Inverted Register Statistics                     ;
+----------------------------------------+---------+
; Inverted Register                      ; Fan out ;
+----------------------------------------+---------+
; PC_out[22]~reg0                        ; 1       ;
; PC_out[23]~reg0                        ; 1       ;
; PC_out[24]~reg0                        ; 1       ;
; PC_out[25]~reg0                        ; 1       ;
; PC_out[26]~reg0                        ; 1       ;
; PC_out[27]~reg0                        ; 1       ;
; PC_out[28]~reg0                        ; 1       ;
; PC_out[29]~reg0                        ; 1       ;
; PC_out[31]~reg0                        ; 1       ;
; Total number of inverted registers = 9 ;         ;
+----------------------------------------+---------+


+------------------------------------------------------------------------------------------------------------------------------------------+
; Multiplexer Restructuring Statistics (Restructuring Performed)                                                                           ;
+--------------------+-----------+---------------+----------------------+------------------------+------------+----------------------------+
; Multiplexer Inputs ; Bus Width ; Baseline Area ; Area if Restructured ; Saving if Restructured ; Registered ; Example Multiplexer Output ;
+--------------------+-----------+---------------+----------------------+------------------------+------------+----------------------------+
; 12:1               ; 20 bits   ; 160 LEs       ; 60 LEs               ; 100 LEs                ; Yes        ; |PC|PC_out[0]~reg0         ;
; 14:1               ; 3 bits    ; 27 LEs        ; 9 LEs                ; 18 LEs                 ; Yes        ; |PC|PC_out[7]~reg0         ;
; 12:1               ; 9 bits    ; 72 LEs        ; 18 LEs               ; 54 LEs                 ; Yes        ; |PC|PC_out[22]~reg0        ;
+--------------------+-----------+---------------+----------------------+------------------------+------------+----------------------------+


+-------------------------------+
; Analysis & Synthesis Messages ;
+-------------------------------+
Info: *******************************************************************
Info: Running Quartus II Analysis & Synthesis
    Info: Version 7.2 Build 151 09/26/2007 SJ Full Version
    Info: Processing started: Tue Jul 20 13:48:45 2010
Info: Command: quartus_map --read_settings_files=on --write_settings_files=off MIPSC -c MIPSC
Info: Found 1 design units, including 1 entities, in source file ALU.v
    Info: Found entity 1: ALU
Info: Found 1 design units, including 1 entities, in source file CP0.v
    Info: Found entity 1: CP_0
Info: Found 1 design units, including 1 entities, in source file Extent.v
    Info: Found entity 1: Extent
Info: Found 1 design units, including 1 entities, in source file IR.v
    Info: Found entity 1: IR
Warning (10335): Unrecognized synthesis attribute "ram_int_file" at Mem.v(9)
Info: Found 1 design units, including 1 entities, in source file Mem.v
    Info: Found entity 1: Mem
Info: Found 1 design units, including 1 entities, in source file Mul.v
    Info: Found entity 1: Mul
Info: Found 1 design units, including 1 entities, in source file PC.v
    Info: Found entity 1: PC
Info: Found 1 design units, including 1 entities, in source file Reg.v
    Info: Found entity 1: Reg
Info: Found 1 design units, including 1 entities, in source file Regfile.v
    Info: Found entity 1: Regfile
Info: Found 1 design units, including 1 entities, in source file Shifter.v
    Info: Found entity 1: Shifter
Info: Found 1 design units, including 1 entities, in source file MIPSC.bdf
    Info: Found entity 1: MIPSC
Info: Elaborating entity "PC" for the top level hierarchy
Info: Registers with preset signals will power-up high
Info: Generated suppressed messages file E:/My booK/计组/5/MIPSC/MIPSC.map.smsg
Info: Implemented 259 device resources after synthesis - the final resource count might be different
    Info: Implemented 134 input pins
    Info: Implemented 32 output pins
    Info: Implemented 93 logic cells
Info: Quartus II Analysis & Synthesis was successful. 0 errors, 1 warning
    Info: Allocated 179 megabytes of memory during processing
    Info: Processing ended: Tue Jul 20 13:48:50 2010
    Info: Elapsed time: 00:00:05


+------------------------------------------+
; Analysis & Synthesis Suppressed Messages ;
+------------------------------------------+
The suppressed messages can be found in E:/My booK/计组/5/MIPSC/MIPSC.map.smsg.


