Flow report for FIFO
Wed Jul 07 09:25:11 2010
Quartus II Version 7.2 Build 151 09/26/2007 SJ Full Version


---------------------
; Table of Contents ;
---------------------
  1. Legal Notice
  2. Flow Summary
  3. Flow Settings
  4. Flow Non-Default Global Settings
  5. Flow Elapsed Time
  6. Flow Log



----------------
; Legal Notice ;
----------------
Copyright (C) 1991-2007 Altera Corporation
Your use of Altera Corporation's design tools, logic functions 
and other software and tools, and its AMPP partner logic 
functions, and any output files from any of the foregoing 
(including device programming or simulation files), and any 
associated documentation or information are expressly subject 
to the terms and conditions of the Altera Program License 
Subscription Agreement, Altera MegaCore Function License 
Agreement, or other applicable license agreement, including, 
without limitation, that your use is for the sole purpose of 
programming logic devices manufactured by Altera and sold by 
Altera or its authorized distributors.  Please refer to the 
applicable agreement for further details.



+-------------------------------------------------------------------------------+
; Flow Summary                                                                  ;
+------------------------------------+------------------------------------------+
; Flow Status                        ; Successful - Wed Jul 07 09:25:11 2010    ;
; Quartus II Version                 ; 7.2 Build 151 09/26/2007 SJ Full Version ;
; Revision Name                      ; FIFO                                     ;
; Top-level Entity Name              ; FIFO                                     ;
; Family                             ; Cyclone II                               ;
; Device                             ; EP2C35F484C8                             ;
; Timing Models                      ; Final                                    ;
; Met timing requirements            ; Yes                                      ;
; Total logic elements               ; 48 / 33,216 ( < 1 % )                    ;
;     Total combinational functions  ; 48 / 33,216 ( < 1 % )                    ;
;     Dedicated logic registers      ; 36 / 33,216 ( < 1 % )                    ;
; Total registers                    ; 36                                       ;
; Total pins                         ; 27 / 322 ( 8 % )                         ;
; Total virtual pins                 ; 0                                        ;
; Total memory bits                  ; 2,048 / 483,840 ( < 1 % )                ;
; Embedded Multiplier 9-bit elements ; 0 / 70 ( 0 % )                           ;
; Total PLLs                         ; 0 / 4 ( 0 % )                            ;
+------------------------------------+------------------------------------------+


+-----------------------------------------+
; Flow Settings                           ;
+-------------------+---------------------+
; Option            ; Setting             ;
+-------------------+---------------------+
; Start date & time ; 07/07/2010 08:11:01 ;
; Main task         ; Compilation         ;
; Revision Name     ; FIFO                ;
+-------------------+---------------------+


+-----------------------------------------------------------------------------------------+
; Flow Non-Default Global Settings                                                        ;
+------------------------------------+---------+---------------+-------------+------------+
; Assignment Name                    ; Value   ; Default Value ; Entity Name ; Section Id ;
+------------------------------------+---------+---------------+-------------+------------+
; PARTITION_COLOR                    ; 2147039 ; --            ; --          ; Top        ;
; PARTITION_NETLIST_TYPE             ; SOURCE  ; --            ; --          ; Top        ;
; USE_GENERATED_PHYSICAL_CONSTRAINTS ; Off     ; --            ; --          ; eda_palace ;
+------------------------------------+---------+---------------+-------------+------------+


+------------------------------------------------------------------+
; Flow Elapsed Time                                                ;
+-------------------------+--------------+-------------------------+
; Module Name             ; Elapsed Time ; Average Processors Used ;
+-------------------------+--------------+-------------------------+
; Analysis & Synthesis    ; 00:00:01     ; 1.0                     ;
; Fitter                  ; 00:00:08     ; 1.0                     ;
; Assembler               ; 00:00:09     ; 1.0                     ;
; Classic Timing Analyzer ; 00:00:01     ; 1.0                     ;
; Database Export         ; 00:00:02     ; 1.0                     ;
; Total                   ; 00:00:21     ; --                      ;
+-------------------------+--------------+-------------------------+


------------
; Flow Log ;
------------
quartus_map --read_settings_files=on --write_settings_files=off FIFO -c FIFO
quartus_fit --read_settings_files=off --write_settings_files=off FIFO -c FIFO
quartus_asm --read_settings_files=off --write_settings_files=off FIFO -c FIFO
quartus_tan --read_settings_files=off --write_settings_files=off FIFO -c FIFO --timing_analysis_only
quartus_cdb FIFO -c FIFO --export_database=export_db



