Analysis & Synthesis report for FIFO
Wed Jul 07 08:11:03 2010
Quartus II Version 7.2 Build 151 09/26/2007 SJ Full Version


---------------------
; Table of Contents ;
---------------------
  1. Legal Notice
  2. Analysis & Synthesis Summary
  3. Analysis & Synthesis Settings
  4. Analysis & Synthesis Source Files Read
  5. Analysis & Synthesis Resource Usage Summary
  6. Analysis & Synthesis Resource Utilization by Entity
  7. Analysis & Synthesis RAM Summary
  8. General Register Statistics
  9. Source assignments for fifo3:inst|scfifo:scfifo_component|scfifo_bn21:auto_generated|a_dpfifo_it21:dpfifo|altsyncram_rqd1:FIFOram
 10. Source assignments for fifo3:inst|scfifo:scfifo_component|scfifo_bn21:auto_generated|a_dpfifo_it21:dpfifo|altsyncram_rqd1:FIFOram|altsyncram_mbj1:altsyncram1
 11. Parameter Settings for User Entity Instance: fifo3:inst|scfifo:scfifo_component
 12. scfifo Parameter Settings by Entity Instance
 13. Analysis & Synthesis Messages



----------------
; Legal Notice ;
----------------
Copyright (C) 1991-2007 Altera Corporation
Your use of Altera Corporation's design tools, logic functions 
and other software and tools, and its AMPP partner logic 
functions, and any output files from any of the foregoing 
(including device programming or simulation files), and any 
associated documentation or information are expressly subject 
to the terms and conditions of the Altera Program License 
Subscription Agreement, Altera MegaCore Function License 
Agreement, or other applicable license agreement, including, 
without limitation, that your use is for the sole purpose of 
programming logic devices manufactured by Altera and sold by 
Altera or its authorized distributors.  Please refer to the 
applicable agreement for further details.



+-------------------------------------------------------------------------------+
; Analysis & Synthesis Summary                                                  ;
+------------------------------------+------------------------------------------+
; Analysis & Synthesis Status        ; Successful - Wed Jul 07 08:11:03 2010    ;
; Quartus II Version                 ; 7.2 Build 151 09/26/2007 SJ Full Version ;
; Revision Name                      ; FIFO                                     ;
; Top-level Entity Name              ; FIFO                                     ;
; Family                             ; Cyclone II                               ;
; Total logic elements               ; 48                                       ;
;     Total combinational functions  ; 48                                       ;
;     Dedicated logic registers      ; 36                                       ;
; Total registers                    ; 36                                       ;
; Total pins                         ; 27                                       ;
; Total virtual pins                 ; 0                                        ;
; Total memory bits                  ; 2,048                                    ;
; Embedded Multiplier 9-bit elements ; 0                                        ;
; Total PLLs                         ; 0                                        ;
+------------------------------------+------------------------------------------+


+--------------------------------------------------------------------------------------------------------------------------+
; Analysis & Synthesis Settings                                                                                            ;
+--------------------------------------------------------------------------------+--------------------+--------------------+
; Option                                                                         ; Setting            ; Default Value      ;
+--------------------------------------------------------------------------------+--------------------+--------------------+
; Device                                                                         ; EP2C35F484C8       ;                    ;
; Top-level entity name                                                          ; FIFO               ; FIFO               ;
; Family name                                                                    ; Cyclone II         ; Stratix II         ;
; Use Generated Physical Constraints File                                        ; Off                ;                    ;
; Use smart compilation                                                          ; Off                ; Off                ;
; Maximum processors allowed for parallel compilation                            ; 1                  ; 1                  ;
; Restructure Multiplexers                                                       ; Auto               ; Auto               ;
; Create Debugging Nodes for IP Cores                                            ; Off                ; Off                ;
; Preserve fewer node names                                                      ; On                 ; On                 ;
; Disable OpenCore Plus hardware evaluation                                      ; Off                ; Off                ;
; Verilog Version                                                                ; Verilog_2001       ; Verilog_2001       ;
; VHDL Version                                                                   ; VHDL93             ; VHDL93             ;
; State Machine Processing                                                       ; Auto               ; Auto               ;
; Safe State Machine                                                             ; Off                ; Off                ;
; Extract Verilog State Machines                                                 ; On                 ; On                 ;
; Extract VHDL State Machines                                                    ; On                 ; On                 ;
; Ignore Verilog initial constructs                                              ; Off                ; Off                ;
; Add Pass-Through Logic to Inferred RAMs                                        ; On                 ; On                 ;
; Parallel Synthesis                                                             ; Off                ; Off                ;
; DSP Block Balancing                                                            ; Auto               ; Auto               ;
; NOT Gate Push-Back                                                             ; On                 ; On                 ;
; Power-Up Don't Care                                                            ; On                 ; On                 ;
; Remove Redundant Logic Cells                                                   ; Off                ; Off                ;
; Remove Duplicate Registers                                                     ; On                 ; On                 ;
; Ignore CARRY Buffers                                                           ; Off                ; Off                ;
; Ignore CASCADE Buffers                                                         ; Off                ; Off                ;
; Ignore GLOBAL Buffers                                                          ; Off                ; Off                ;
; Ignore ROW GLOBAL Buffers                                                      ; Off                ; Off                ;
; Ignore LCELL Buffers                                                           ; Off                ; Off                ;
; Ignore SOFT Buffers                                                            ; On                 ; On                 ;
; Limit AHDL Integers to 32 Bits                                                 ; Off                ; Off                ;
; Optimization Technique -- Cyclone II/Cyclone III                               ; Balanced           ; Balanced           ;
; Carry Chain Length -- Stratix/Stratix GX/Cyclone/MAX II/Cyclone II/Cyclone III ; 70                 ; 70                 ;
; Auto Carry Chains                                                              ; On                 ; On                 ;
; Auto Open-Drain Pins                                                           ; On                 ; On                 ;
; Perform WYSIWYG Primitive Resynthesis                                          ; Off                ; Off                ;
; Perform gate-level register retiming                                           ; Off                ; Off                ;
; Allow register retiming to trade off Tsu/Tco with Fmax                         ; On                 ; On                 ;
; Auto ROM Replacement                                                           ; On                 ; On                 ;
; Auto RAM Replacement                                                           ; On                 ; On                 ;
; Auto Shift Register Replacement                                                ; Auto               ; Auto               ;
; Auto Clock Enable Replacement                                                  ; On                 ; On                 ;
; Allow Synchronous Control Signals                                              ; On                 ; On                 ;
; Force Use of Synchronous Clear Signals                                         ; Off                ; Off                ;
; Auto RAM to Logic Cell Conversion                                              ; Off                ; Off                ;
; Auto Resource Sharing                                                          ; Off                ; Off                ;
; Allow Any RAM Size For Recognition                                             ; Off                ; Off                ;
; Allow Any ROM Size For Recognition                                             ; Off                ; Off                ;
; Allow Any Shift Register Size For Recognition                                  ; Off                ; Off                ;
; Ignore translate_off and synthesis_off directives                              ; Off                ; Off                ;
; Show Parameter Settings Tables in Synthesis Report                             ; On                 ; On                 ;
; Ignore Maximum Fan-Out Assignments                                             ; Off                ; Off                ;
; Retiming Meta-Stability Register Sequence Length                               ; 2                  ; 2                  ;
; PowerPlay Power Optimization                                                   ; Normal compilation ; Normal compilation ;
; HDL message level                                                              ; Level2             ; Level2             ;
; Suppress Register Optimization Related Messages                                ; Off                ; Off                ;
; Number of Removed Registers Reported in Synthesis Report                       ; 100                ; 100                ;
; Clock MUX Protection                                                           ; On                 ; On                 ;
; Block Design Naming                                                            ; Auto               ; Auto               ;
+--------------------------------------------------------------------------------+--------------------+--------------------+


+------------------------------------------------------------------------------------------------------------------------------------------------------+
; Analysis & Synthesis Source Files Read                                                                                                               ;
+----------------------------------+-----------------+------------------------------------+------------------------------------------------------------+
; File Name with User-Entered Path ; Used in Netlist ; File Type                          ; File Name with Absolute Path                               ;
+----------------------------------+-----------------+------------------------------------+------------------------------------------------------------+
; FIFO.bdf                         ; yes             ; User Block Diagram/Schematic File  ; c:/altera/72/quartus/FIFO/FIFO.bdf                         ;
; fifo3.v                          ; yes             ; Other                              ; c:/altera/72/quartus/FIFO/fifo3.v                          ;
; scfifo.tdf                       ; yes             ; Megafunction                       ; c:/altera/72/quartus/libraries/megafunctions/scfifo.tdf    ;
; a_regfifo.inc                    ; yes             ; Megafunction                       ; c:/altera/72/quartus/libraries/megafunctions/a_regfifo.inc ;
; a_dpfifo.inc                     ; yes             ; Megafunction                       ; c:/altera/72/quartus/libraries/megafunctions/a_dpfifo.inc  ;
; a_i2fifo.inc                     ; yes             ; Megafunction                       ; c:/altera/72/quartus/libraries/megafunctions/a_i2fifo.inc  ;
; a_fffifo.inc                     ; yes             ; Megafunction                       ; c:/altera/72/quartus/libraries/megafunctions/a_fffifo.inc  ;
; a_f2fifo.inc                     ; yes             ; Megafunction                       ; c:/altera/72/quartus/libraries/megafunctions/a_f2fifo.inc  ;
; aglobal72.inc                    ; yes             ; Megafunction                       ; c:/altera/72/quartus/libraries/megafunctions/aglobal72.inc ;
; db/scfifo_bn21.tdf               ; yes             ; Auto-Generated Megafunction        ; c:/altera/72/quartus/FIFO/db/scfifo_bn21.tdf               ;
; db/a_dpfifo_it21.tdf             ; yes             ; Auto-Generated Megafunction        ; c:/altera/72/quartus/FIFO/db/a_dpfifo_it21.tdf             ;
; db/altsyncram_rqd1.tdf           ; yes             ; Auto-Generated Megafunction        ; c:/altera/72/quartus/FIFO/db/altsyncram_rqd1.tdf           ;
; db/altsyncram_mbj1.tdf           ; yes             ; Auto-Generated Megafunction        ; c:/altera/72/quartus/FIFO/db/altsyncram_mbj1.tdf           ;
; db/cntr_gjb.tdf                  ; yes             ; Auto-Generated Megafunction        ; c:/altera/72/quartus/FIFO/db/cntr_gjb.tdf                  ;
; db/cntr_tj7.tdf                  ; yes             ; Auto-Generated Megafunction        ; c:/altera/72/quartus/FIFO/db/cntr_tj7.tdf                  ;
; db/cntr_hjb.tdf                  ; yes             ; Auto-Generated Megafunction        ; c:/altera/72/quartus/FIFO/db/cntr_hjb.tdf                  ;
+----------------------------------+-----------------+------------------------------------+------------------------------------------------------------+


+-----------------------------------------------------+
; Analysis & Synthesis Resource Usage Summary         ;
+---------------------------------------------+-------+
; Resource                                    ; Usage ;
+---------------------------------------------+-------+
; Estimated Total logic elements              ; 48    ;
;                                             ;       ;
; Total combinational functions               ; 48    ;
; Logic element usage by number of LUT inputs ;       ;
;     -- 4 input functions                    ; 18    ;
;     -- 3 input functions                    ; 10    ;
;     -- <=2 input functions                  ; 20    ;
;                                             ;       ;
; Logic elements by mode                      ;       ;
;     -- normal mode                          ; 28    ;
;     -- arithmetic mode                      ; 20    ;
;                                             ;       ;
; Total registers                             ; 36    ;
;     -- Dedicated logic registers            ; 36    ;
;     -- I/O registers                        ; 0     ;
;                                             ;       ;
; I/O pins                                    ; 27    ;
; Total memory bits                           ; 2048  ;
; Maximum fan-out node                        ; CLK   ;
; Maximum fan-out                             ; 44    ;
; Total fan-out                               ; 446   ;
; Average fan-out                             ; 3.75  ;
+---------------------------------------------+-------+


+---------------------------------------------------------------------------------------------------------------------------------------------------------------------------------------------------------------------------------------------------------------------------------------------------------------------------+
; Analysis & Synthesis Resource Utilization by Entity                                                                                                                                                                                                                                                                       ;
+-------------------------------------------------+-------------------+--------------+-------------+--------------+---------+-----------+------+--------------+----------------------------------------------------------------------------------------------------------------------------------------------+--------------+
; Compilation Hierarchy Node                      ; LC Combinationals ; LC Registers ; Memory Bits ; DSP Elements ; DSP 9x9 ; DSP 18x18 ; Pins ; Virtual Pins ; Full Hierarchy Name                                                                                                                          ; Library Name ;
+-------------------------------------------------+-------------------+--------------+-------------+--------------+---------+-----------+------+--------------+----------------------------------------------------------------------------------------------------------------------------------------------+--------------+
; |FIFO                                           ; 48 (0)            ; 36 (0)       ; 2048        ; 0            ; 0       ; 0         ; 27   ; 0            ; |FIFO                                                                                                                                        ; work         ;
;    |fifo3:inst|                                 ; 48 (0)            ; 36 (0)       ; 2048        ; 0            ; 0       ; 0         ; 0    ; 0            ; |FIFO|fifo3:inst                                                                                                                             ; work         ;
;       |scfifo:scfifo_component|                 ; 48 (0)            ; 36 (0)       ; 2048        ; 0            ; 0       ; 0         ; 0    ; 0            ; |FIFO|fifo3:inst|scfifo:scfifo_component                                                                                                     ; work         ;
;          |scfifo_bn21:auto_generated|           ; 48 (0)            ; 36 (0)       ; 2048        ; 0            ; 0       ; 0         ; 0    ; 0            ; |FIFO|fifo3:inst|scfifo:scfifo_component|scfifo_bn21:auto_generated                                                                          ; work         ;
;             |a_dpfifo_it21:dpfifo|              ; 48 (25)           ; 36 (13)      ; 2048        ; 0            ; 0       ; 0         ; 0    ; 0            ; |FIFO|fifo3:inst|scfifo:scfifo_component|scfifo_bn21:auto_generated|a_dpfifo_it21:dpfifo                                                     ; work         ;
;                |altsyncram_rqd1:FIFOram|        ; 0 (0)             ; 0 (0)        ; 2048        ; 0            ; 0       ; 0         ; 0    ; 0            ; |FIFO|fifo3:inst|scfifo:scfifo_component|scfifo_bn21:auto_generated|a_dpfifo_it21:dpfifo|altsyncram_rqd1:FIFOram                             ; work         ;
;                   |altsyncram_mbj1:altsyncram1| ; 0 (0)             ; 0 (0)        ; 2048        ; 0            ; 0       ; 0         ; 0    ; 0            ; |FIFO|fifo3:inst|scfifo:scfifo_component|scfifo_bn21:auto_generated|a_dpfifo_it21:dpfifo|altsyncram_rqd1:FIFOram|altsyncram_mbj1:altsyncram1 ; work         ;
;                |cntr_gjb:rd_ptr_msb|            ; 7 (7)             ; 7 (7)        ; 0           ; 0            ; 0       ; 0         ; 0    ; 0            ; |FIFO|fifo3:inst|scfifo:scfifo_component|scfifo_bn21:auto_generated|a_dpfifo_it21:dpfifo|cntr_gjb:rd_ptr_msb                                 ; work         ;
;                |cntr_hjb:wr_ptr|                ; 8 (8)             ; 8 (8)        ; 0           ; 0            ; 0       ; 0         ; 0    ; 0            ; |FIFO|fifo3:inst|scfifo:scfifo_component|scfifo_bn21:auto_generated|a_dpfifo_it21:dpfifo|cntr_hjb:wr_ptr                                     ; work         ;
;                |cntr_tj7:usedw_counter|         ; 8 (8)             ; 8 (8)        ; 0           ; 0            ; 0       ; 0         ; 0    ; 0            ; |FIFO|fifo3:inst|scfifo:scfifo_component|scfifo_bn21:auto_generated|a_dpfifo_it21:dpfifo|cntr_tj7:usedw_counter                              ; work         ;
+-------------------------------------------------+-------------------+--------------+-------------+--------------+---------+-----------+------+--------------+----------------------------------------------------------------------------------------------------------------------------------------------+--------------+
Note: For table entries with two numbers listed, the numbers in parentheses indicate the number of resources of the given type used by the specific entity alone. The numbers listed outside of parentheses indicate the total resources of the given type used by the specific entity and all of its sub-entities in the hierarchy.


+-----------------------------------------------------------------------------------------------------------------------------------------------------------------------------------------------------------------------------------------------------+
; Analysis & Synthesis RAM Summary                                                                                                                                                                                                                    ;
+---------------------------------------------------------------------------------------------------------------------------------------------------+------+----------------+--------------+--------------+--------------+--------------+------+------+
; Name                                                                                                                                              ; Type ; Mode           ; Port A Depth ; Port A Width ; Port B Depth ; Port B Width ; Size ; MIF  ;
+---------------------------------------------------------------------------------------------------------------------------------------------------+------+----------------+--------------+--------------+--------------+--------------+------+------+
; fifo3:inst|scfifo:scfifo_component|scfifo_bn21:auto_generated|a_dpfifo_it21:dpfifo|altsyncram_rqd1:FIFOram|altsyncram_mbj1:altsyncram1|ALTSYNCRAM ; AUTO ; True Dual Port ; 256          ; 8            ; 256          ; 8            ; 2048 ; None ;
+---------------------------------------------------------------------------------------------------------------------------------------------------+------+----------------+--------------+--------------+--------------+--------------+------+------+


+------------------------------------------------------+
; General Register Statistics                          ;
+----------------------------------------------+-------+
; Statistic                                    ; Value ;
+----------------------------------------------+-------+
; Total registers                              ; 36    ;
; Number of registers using Synchronous Clear  ; 0     ;
; Number of registers using Synchronous Load   ; 0     ;
; Number of registers using Asynchronous Clear ; 36    ;
; Number of registers using Asynchronous Load  ; 0     ;
; Number of registers using Clock Enable       ; 24    ;
; Number of registers using Preset             ; 0     ;
+----------------------------------------------+-------+


+-----------------------------------------------------------------------------------------------------------------------------------+
; Source assignments for fifo3:inst|scfifo:scfifo_component|scfifo_bn21:auto_generated|a_dpfifo_it21:dpfifo|altsyncram_rqd1:FIFOram ;
+---------------------------------+--------------------+------+---------------------------------------------------------------------+
; Assignment                      ; Value              ; From ; To                                                                  ;
+---------------------------------+--------------------+------+---------------------------------------------------------------------+
; OPTIMIZE_POWER_DURING_SYNTHESIS ; NORMAL_COMPILATION ; -    ; -                                                                   ;
+---------------------------------+--------------------+------+---------------------------------------------------------------------+


+---------------------------------------------------------------------------------------------------------------------------------------------------------------+
; Source assignments for fifo3:inst|scfifo:scfifo_component|scfifo_bn21:auto_generated|a_dpfifo_it21:dpfifo|altsyncram_rqd1:FIFOram|altsyncram_mbj1:altsyncram1 ;
+---------------------------------+--------------------+------+-------------------------------------------------------------------------------------------------+
; Assignment                      ; Value              ; From ; To                                                                                              ;
+---------------------------------+--------------------+------+-------------------------------------------------------------------------------------------------+
; OPTIMIZE_POWER_DURING_SYNTHESIS ; NORMAL_COMPILATION ; -    ; -                                                                                               ;
+---------------------------------+--------------------+------+-------------------------------------------------------------------------------------------------+


+---------------------------------------------------------------------------------+
; Parameter Settings for User Entity Instance: fifo3:inst|scfifo:scfifo_component ;
+-------------------------+-------------+-----------------------------------------+
; Parameter Name          ; Value       ; Type                                    ;
+-------------------------+-------------+-----------------------------------------+
; AUTO_CARRY_CHAINS       ; ON          ; AUTO_CARRY                              ;
; IGNORE_CARRY_BUFFERS    ; OFF         ; IGNORE_CARRY                            ;
; AUTO_CASCADE_CHAINS     ; ON          ; AUTO_CASCADE                            ;
; IGNORE_CASCADE_BUFFERS  ; OFF         ; IGNORE_CASCADE                          ;
; lpm_width               ; 8           ; Signed Integer                          ;
; LPM_NUMWORDS            ; 256         ; Signed Integer                          ;
; LPM_WIDTHU              ; 8           ; Signed Integer                          ;
; LPM_SHOWAHEAD           ; OFF         ; Untyped                                 ;
; UNDERFLOW_CHECKING      ; ON          ; Untyped                                 ;
; OVERFLOW_CHECKING       ; ON          ; Untyped                                 ;
; ALLOW_RWCYCLE_WHEN_FULL ; OFF         ; Untyped                                 ;
; ADD_RAM_OUTPUT_REGISTER ; ON          ; Untyped                                 ;
; ALMOST_FULL_VALUE       ; 0           ; Untyped                                 ;
; ALMOST_EMPTY_VALUE      ; 0           ; Untyped                                 ;
; USE_EAB                 ; ON          ; Untyped                                 ;
; MAXIMIZE_SPEED          ; 5           ; Untyped                                 ;
; DEVICE_FAMILY           ; Cyclone II  ; Untyped                                 ;
; OPTIMIZE_FOR_SPEED      ; 5           ; Untyped                                 ;
; CBXI_PARAMETER          ; scfifo_bn21 ; Untyped                                 ;
+-------------------------+-------------+-----------------------------------------+
Note: In order to hide this table in the UI and the text report file, please set the "Show Parameter Settings Tables in Synthesis Report" option in "Analysis and Synthesis Settings -> More Settings" to "Off".


+-----------------------------------------------------------------+
; scfifo Parameter Settings by Entity Instance                    ;
+----------------------------+------------------------------------+
; Name                       ; Value                              ;
+----------------------------+------------------------------------+
; Number of entity instances ; 1                                  ;
; Entity Instance            ; fifo3:inst|scfifo:scfifo_component ;
;     -- FIFO Type           ; Single Clock                       ;
;     -- lpm_width           ; 8                                  ;
;     -- LPM_NUMWORDS        ; 256                                ;
;     -- LPM_SHOWAHEAD       ; OFF                                ;
;     -- USE_EAB             ; ON                                 ;
+----------------------------+------------------------------------+


+-------------------------------+
; Analysis & Synthesis Messages ;
+-------------------------------+
Info: *******************************************************************
Info: Running Quartus II Analysis & Synthesis
    Info: Version 7.2 Build 151 09/26/2007 SJ Full Version
    Info: Processing started: Wed Jul 07 08:11:01 2010
Info: Command: quartus_map --read_settings_files=on --write_settings_files=off FIFO -c FIFO
Info: Found 1 design units, including 1 entities, in source file FIFO.bdf
    Info: Found entity 1: FIFO
Info: Elaborating entity "FIFO" for the top level hierarchy
Warning: Using design file fifo3.v, which is not specified as a design file for the current project, but contains definitions for 1 design units and 1 entities in project
    Info: Found entity 1: fifo3
Info: Elaborating entity "fifo3" for hierarchy "fifo3:inst"
Info: Found 1 design units, including 1 entities, in source file ../libraries/megafunctions/scfifo.tdf
    Info: Found entity 1: scfifo
Info: Elaborating entity "scfifo" for hierarchy "fifo3:inst|scfifo:scfifo_component"
Info: Elaborated megafunction instantiation "fifo3:inst|scfifo:scfifo_component"
Info: Found 1 design units, including 1 entities, in source file db/scfifo_bn21.tdf
    Info: Found entity 1: scfifo_bn21
Info: Elaborating entity "scfifo_bn21" for hierarchy "fifo3:inst|scfifo:scfifo_component|scfifo_bn21:auto_generated"
Info: Found 1 design units, including 1 entities, in source file db/a_dpfifo_it21.tdf
    Info: Found entity 1: a_dpfifo_it21
Info: Elaborating entity "a_dpfifo_it21" for hierarchy "fifo3:inst|scfifo:scfifo_component|scfifo_bn21:auto_generated|a_dpfifo_it21:dpfifo"
Info: Found 1 design units, including 1 entities, in source file db/altsyncram_rqd1.tdf
    Info: Found entity 1: altsyncram_rqd1
Info: Elaborating entity "altsyncram_rqd1" for hierarchy "fifo3:inst|scfifo:scfifo_component|scfifo_bn21:auto_generated|a_dpfifo_it21:dpfifo|altsyncram_rqd1:FIFOram"
Info: Found 1 design units, including 1 entities, in source file db/altsyncram_mbj1.tdf
    Info: Found entity 1: altsyncram_mbj1
Info: Elaborating entity "altsyncram_mbj1" for hierarchy "fifo3:inst|scfifo:scfifo_component|scfifo_bn21:auto_generated|a_dpfifo_it21:dpfifo|altsyncram_rqd1:FIFOram|altsyncram_mbj1:altsyncram1"
Info: Found 1 design units, including 1 entities, in source file db/cntr_gjb.tdf
    Info: Found entity 1: cntr_gjb
Info: Elaborating entity "cntr_gjb" for hierarchy "fifo3:inst|scfifo:scfifo_component|scfifo_bn21:auto_generated|a_dpfifo_it21:dpfifo|cntr_gjb:rd_ptr_msb"
Info: Found 1 design units, including 1 entities, in source file db/cntr_tj7.tdf
    Info: Found entity 1: cntr_tj7
Info: Elaborating entity "cntr_tj7" for hierarchy "fifo3:inst|scfifo:scfifo_component|scfifo_bn21:auto_generated|a_dpfifo_it21:dpfifo|cntr_tj7:usedw_counter"
Info: Found 1 design units, including 1 entities, in source file db/cntr_hjb.tdf
    Info: Found entity 1: cntr_hjb
Info: Elaborating entity "cntr_hjb" for hierarchy "fifo3:inst|scfifo:scfifo_component|scfifo_bn21:auto_generated|a_dpfifo_it21:dpfifo|cntr_hjb:wr_ptr"
Info: Implemented 92 device resources after synthesis - the final resource count might be different
    Info: Implemented 11 input pins
    Info: Implemented 16 output pins
    Info: Implemented 57 logic cells
    Info: Implemented 8 RAM segments
Info: Quartus II Analysis & Synthesis was successful. 0 errors, 1 warning
    Info: Allocated 149 megabytes of memory during processing
    Info: Processing ended: Wed Jul 07 08:11:03 2010
    Info: Elapsed time: 00:00:02


