Analysis & Synthesis report for 8250
Tue May 18 21:19:52 2010
Quartus II Version 7.2 Build 151 09/26/2007 SJ Full Version


---------------------
; Table of Contents ;
---------------------
  1. Legal Notice
  2. Analysis & Synthesis Summary
  3. Analysis & Synthesis Settings
  4. Analysis & Synthesis Source Files Read
  5. Analysis & Synthesis Resource Usage Summary
  6. Analysis & Synthesis Resource Utilization by Entity
  7. User-Specified and Inferred Latches
  8. General Register Statistics
  9. Multiplexer Restructuring Statistics (Restructuring Performed)
 10. Analysis & Synthesis Messages



----------------
; Legal Notice ;
----------------
Copyright (C) 1991-2007 Altera Corporation
Your use of Altera Corporation's design tools, logic functions 
and other software and tools, and its AMPP partner logic 
functions, and any output files from any of the foregoing 
(including device programming or simulation files), and any 
associated documentation or information are expressly subject 
to the terms and conditions of the Altera Program License 
Subscription Agreement, Altera MegaCore Function License 
Agreement, or other applicable license agreement, including, 
without limitation, that your use is for the sole purpose of 
programming logic devices manufactured by Altera and sold by 
Altera or its authorized distributors.  Please refer to the 
applicable agreement for further details.



+-------------------------------------------------------------------------------+
; Analysis & Synthesis Summary                                                  ;
+------------------------------------+------------------------------------------+
; Analysis & Synthesis Status        ; Successful - Tue May 18 21:19:52 2010    ;
; Quartus II Version                 ; 7.2 Build 151 09/26/2007 SJ Full Version ;
; Revision Name                      ; 8250                                     ;
; Top-level Entity Name              ; 8250_down                                ;
; Family                             ; Cyclone II                               ;
; Total logic elements               ; 139                                      ;
;     Total combinational functions  ; 139                                      ;
;     Dedicated logic registers      ; 96                                       ;
; Total registers                    ; 96                                       ;
; Total pins                         ; 41                                       ;
; Total virtual pins                 ; 0                                        ;
; Total memory bits                  ; 0                                        ;
; Embedded Multiplier 9-bit elements ; 0                                        ;
; Total PLLs                         ; 0                                        ;
+------------------------------------+------------------------------------------+


+--------------------------------------------------------------------------------------------------------------------------+
; Analysis & Synthesis Settings                                                                                            ;
+--------------------------------------------------------------------------------+--------------------+--------------------+
; Option                                                                         ; Setting            ; Default Value      ;
+--------------------------------------------------------------------------------+--------------------+--------------------+
; Device                                                                         ; EP2C35F672C6       ;                    ;
; Top-level entity name                                                          ; 8250_down          ; 8250               ;
; Family name                                                                    ; Cyclone II         ; Stratix II         ;
; Use Generated Physical Constraints File                                        ; Off                ;                    ;
; Use smart compilation                                                          ; Off                ; Off                ;
; Maximum processors allowed for parallel compilation                            ; 1                  ; 1                  ;
; Restructure Multiplexers                                                       ; Auto               ; Auto               ;
; Create Debugging Nodes for IP Cores                                            ; Off                ; Off                ;
; Preserve fewer node names                                                      ; On                 ; On                 ;
; Disable OpenCore Plus hardware evaluation                                      ; Off                ; Off                ;
; Verilog Version                                                                ; Verilog_2001       ; Verilog_2001       ;
; VHDL Version                                                                   ; VHDL93             ; VHDL93             ;
; State Machine Processing                                                       ; Auto               ; Auto               ;
; Safe State Machine                                                             ; Off                ; Off                ;
; Extract Verilog State Machines                                                 ; On                 ; On                 ;
; Extract VHDL State Machines                                                    ; On                 ; On                 ;
; Ignore Verilog initial constructs                                              ; Off                ; Off                ;
; Add Pass-Through Logic to Inferred RAMs                                        ; On                 ; On                 ;
; Parallel Synthesis                                                             ; Off                ; Off                ;
; DSP Block Balancing                                                            ; Auto               ; Auto               ;
; NOT Gate Push-Back                                                             ; On                 ; On                 ;
; Power-Up Don't Care                                                            ; On                 ; On                 ;
; Remove Redundant Logic Cells                                                   ; Off                ; Off                ;
; Remove Duplicate Registers                                                     ; On                 ; On                 ;
; Ignore CARRY Buffers                                                           ; Off                ; Off                ;
; Ignore CASCADE Buffers                                                         ; Off                ; Off                ;
; Ignore GLOBAL Buffers                                                          ; Off                ; Off                ;
; Ignore ROW GLOBAL Buffers                                                      ; Off                ; Off                ;
; Ignore LCELL Buffers                                                           ; Off                ; Off                ;
; Ignore SOFT Buffers                                                            ; On                 ; On                 ;
; Limit AHDL Integers to 32 Bits                                                 ; Off                ; Off                ;
; Optimization Technique -- Cyclone II/Cyclone III                               ; Balanced           ; Balanced           ;
; Carry Chain Length -- Stratix/Stratix GX/Cyclone/MAX II/Cyclone II/Cyclone III ; 70                 ; 70                 ;
; Auto Carry Chains                                                              ; On                 ; On                 ;
; Auto Open-Drain Pins                                                           ; On                 ; On                 ;
; Perform WYSIWYG Primitive Resynthesis                                          ; Off                ; Off                ;
; Perform gate-level register retiming                                           ; Off                ; Off                ;
; Allow register retiming to trade off Tsu/Tco with Fmax                         ; On                 ; On                 ;
; Auto ROM Replacement                                                           ; On                 ; On                 ;
; Auto RAM Replacement                                                           ; On                 ; On                 ;
; Auto Shift Register Replacement                                                ; Auto               ; Auto               ;
; Auto Clock Enable Replacement                                                  ; On                 ; On                 ;
; Allow Synchronous Control Signals                                              ; On                 ; On                 ;
; Force Use of Synchronous Clear Signals                                         ; Off                ; Off                ;
; Auto RAM to Logic Cell Conversion                                              ; Off                ; Off                ;
; Auto Resource Sharing                                                          ; Off                ; Off                ;
; Allow Any RAM Size For Recognition                                             ; Off                ; Off                ;
; Allow Any ROM Size For Recognition                                             ; Off                ; Off                ;
; Allow Any Shift Register Size For Recognition                                  ; Off                ; Off                ;
; Ignore translate_off and synthesis_off directives                              ; Off                ; Off                ;
; Show Parameter Settings Tables in Synthesis Report                             ; On                 ; On                 ;
; Ignore Maximum Fan-Out Assignments                                             ; Off                ; Off                ;
; Retiming Meta-Stability Register Sequence Length                               ; 2                  ; 2                  ;
; PowerPlay Power Optimization                                                   ; Normal compilation ; Normal compilation ;
; HDL message level                                                              ; Level2             ; Level2             ;
; Suppress Register Optimization Related Messages                                ; Off                ; Off                ;
; Number of Removed Registers Reported in Synthesis Report                       ; 100                ; 100                ;
; Clock MUX Protection                                                           ; On                 ; On                 ;
; Block Design Naming                                                            ; Auto               ; Auto               ;
+--------------------------------------------------------------------------------+--------------------+--------------------+


+----------------------------------------------------------------------------------------------------------------------------------+
; Analysis & Synthesis Source Files Read                                                                                           ;
+----------------------------------+-----------------+------------------------------------+----------------------------------------+
; File Name with User-Entered Path ; Used in Netlist ; File Type                          ; File Name with Absolute Path           ;
+----------------------------------+-----------------+------------------------------------+----------------------------------------+
; rs_232_in.v                      ; yes             ; User Verilog HDL File              ; F:/interface/8250/rs_232_in.v          ;
; rs_232_out.v                     ; yes             ; User Verilog HDL File              ; F:/interface/8250/rs_232_out.v         ;
; ctrl_8250_download.v             ; yes             ; User Verilog HDL File              ; F:/interface/8250/ctrl_8250_download.v ;
; 8250_down.bdf                    ; yes             ; User Block Diagram/Schematic File  ; F:/interface/8250/8250_down.bdf        ;
; clkdiv.v                         ; yes             ; User Verilog HDL File              ; F:/interface/8250/clkdiv.v             ;
; segout.v                         ; yes             ; User Verilog HDL File              ; F:/interface/8250/segout.v             ;
; reg8.v                           ; yes             ; User Verilog HDL File              ; F:/interface/8250/reg8.v               ;
+----------------------------------+-----------------+------------------------------------+----------------------------------------+


+-----------------------------------------------------+
; Analysis & Synthesis Resource Usage Summary         ;
+---------------------------------------------+-------+
; Resource                                    ; Usage ;
+---------------------------------------------+-------+
; Estimated Total logic elements              ; 139   ;
;                                             ;       ;
; Total combinational functions               ; 139   ;
; Logic element usage by number of LUT inputs ;       ;
;     -- 4 input functions                    ; 54    ;
;     -- 3 input functions                    ; 30    ;
;     -- <=2 input functions                  ; 55    ;
;                                             ;       ;
; Logic elements by mode                      ;       ;
;     -- normal mode                          ; 94    ;
;     -- arithmetic mode                      ; 45    ;
;                                             ;       ;
; Total registers                             ; 96    ;
;     -- Dedicated logic registers            ; 96    ;
;     -- I/O registers                        ; 0     ;
;                                             ;       ;
; I/O pins                                    ; 41    ;
; Maximum fan-out node                        ; clk0  ;
; Maximum fan-out                             ; 42    ;
; Total fan-out                               ; 672   ;
; Average fan-out                             ; 2.43  ;
+---------------------------------------------+-------+


+----------------------------------------------------------------------------------------------------------------------------------------------------------------------------------------------+
; Analysis & Synthesis Resource Utilization by Entity                                                                                                                                          ;
+------------------------------+-------------------+--------------+-------------+--------------+---------+-----------+------+--------------+------------------------------------+--------------+
; Compilation Hierarchy Node   ; LC Combinationals ; LC Registers ; Memory Bits ; DSP Elements ; DSP 9x9 ; DSP 18x18 ; Pins ; Virtual Pins ; Full Hierarchy Name                ; Library Name ;
+------------------------------+-------------------+--------------+-------------+--------------+---------+-----------+------+--------------+------------------------------------+--------------+
; |8250_down                   ; 139 (0)           ; 96 (0)       ; 0           ; 0            ; 0       ; 0         ; 41   ; 0            ; |8250_down                         ; work         ;
;    |clkdiv:inst4|            ; 62 (62)           ; 42 (42)      ; 0           ; 0            ; 0       ; 0         ; 0    ; 0            ; |8250_down|clkdiv:inst4            ; work         ;
;    |ctrl_8250_download:inst| ; 18 (18)           ; 14 (14)      ; 0           ; 0            ; 0       ; 0         ; 0    ; 0            ; |8250_down|ctrl_8250_download:inst ; work         ;
;    |reg8:inst6|              ; 9 (9)             ; 8 (8)        ; 0           ; 0            ; 0       ; 0         ; 0    ; 0            ; |8250_down|reg8:inst6              ; work         ;
;    |rs_232_in:inst1|         ; 15 (15)           ; 18 (18)      ; 0           ; 0            ; 0       ; 0         ; 0    ; 0            ; |8250_down|rs_232_in:inst1         ; work         ;
;    |rs_232_out:inst2|        ; 21 (21)           ; 14 (14)      ; 0           ; 0            ; 0       ; 0         ; 0    ; 0            ; |8250_down|rs_232_out:inst2        ; work         ;
;    |segout:inst3|            ; 7 (7)             ; 0 (0)        ; 0           ; 0            ; 0       ; 0         ; 0    ; 0            ; |8250_down|segout:inst3            ; work         ;
;    |segout:inst5|            ; 7 (7)             ; 0 (0)        ; 0           ; 0            ; 0       ; 0         ; 0    ; 0            ; |8250_down|segout:inst5            ; work         ;
+------------------------------+-------------------+--------------+-------------+--------------+---------+-----------+------+--------------+------------------------------------+--------------+
Note: For table entries with two numbers listed, the numbers in parentheses indicate the number of resources of the given type used by the specific entity alone. The numbers listed outside of parentheses indicate the total resources of the given type used by the specific entity and all of its sub-entities in the hierarchy.


+-----------------------------------------------------------------------------------------------------------+
; User-Specified and Inferred Latches                                                                       ;
+----------------------------------------------------+-----------------------------+------------------------+
; Latch Name                                         ; Latch Enable Signal         ; Free of Timing Hazards ;
+----------------------------------------------------+-----------------------------+------------------------+
; ctrl_8250_download:inst|data_bus[4]                ; rs_232_in:inst1|data_finish ; yes                    ;
; ctrl_8250_download:inst|data_bus[5]                ; rs_232_in:inst1|data_finish ; yes                    ;
; ctrl_8250_download:inst|data_bus[6]                ; rs_232_in:inst1|data_finish ; yes                    ;
; ctrl_8250_download:inst|data_bus[7]                ; rs_232_in:inst1|data_finish ; yes                    ;
; Number of user-specified and inferred latches = 4  ;                             ;                        ;
+----------------------------------------------------+-----------------------------+------------------------+
Note: All latches listed above may not be present at the end of synthesis due to various synthesis optimizations.


+------------------------------------------------------+
; General Register Statistics                          ;
+----------------------------------------------+-------+
; Statistic                                    ; Value ;
+----------------------------------------------+-------+
; Total registers                              ; 96    ;
; Number of registers using Synchronous Clear  ; 8     ;
; Number of registers using Synchronous Load   ; 0     ;
; Number of registers using Asynchronous Clear ; 4     ;
; Number of registers using Asynchronous Load  ; 0     ;
; Number of registers using Clock Enable       ; 36    ;
; Number of registers using Preset             ; 0     ;
+----------------------------------------------+-------+


+----------------------------------------------------------------------------------------------------------------------------------------------------+
; Multiplexer Restructuring Statistics (Restructuring Performed)                                                                                     ;
+--------------------+-----------+---------------+----------------------+------------------------+------------+--------------------------------------+
; Multiplexer Inputs ; Bus Width ; Baseline Area ; Area if Restructured ; Saving if Restructured ; Registered ; Example Multiplexer Output           ;
+--------------------+-----------+---------------+----------------------+------------------------+------------+--------------------------------------+
; 4:1                ; 4 bits    ; 8 LEs         ; 4 LEs                ; 4 LEs                  ; Yes        ; |8250_down|rs_232_out:inst2|count[1] ;
; 3:1                ; 8 bits    ; 16 LEs        ; 8 LEs                ; 8 LEs                  ; Yes        ; |8250_down|rs_232_in:inst1|count[4]  ;
+--------------------+-----------+---------------+----------------------+------------------------+------------+--------------------------------------+


+-------------------------------+
; Analysis & Synthesis Messages ;
+-------------------------------+
Info: *******************************************************************
Info: Running Quartus II Analysis & Synthesis
    Info: Version 7.2 Build 151 09/26/2007 SJ Full Version
    Info: Processing started: Tue May 18 21:19:49 2010
Info: Command: quartus_map --read_settings_files=on --write_settings_files=off 8250 -c 8250
Warning: Ignored assignments for entity "8250" -- entity does not exist in design
    Warning: Assignment of entity set_global_assignment -name LL_ROOT_REGION ON -entity 8250 -section_id "Root Region" is ignored
    Warning: Assignment of entity set_global_assignment -name LL_MEMBER_STATE LOCKED -entity 8250 -section_id "Root Region" is ignored
Warning: Ignored assignments for entity "8250_down" -- entity does not exist in design
    Warning: Assignment of entity set_global_assignment -name LL_ROOT_REGION ON -section_id "Root Region" is ignored
    Warning: Assignment of entity set_global_assignment -name LL_MEMBER_STATE LOCKED -section_id "Root Region" is ignored
    Warning: Assignment of entity set_instance_assignment -name PARTITION_HIERARCHY no_file_for_top_partition -to | -section_id Top is ignored
    Warning: Assignment of entity set_global_assignment -name PARTITION_NETLIST_TYPE SOURCE -section_id Top is ignored
    Warning: Assignment of entity set_global_assignment -name PARTITION_COLOR 2147039 -section_id Top is ignored
    Warning: Assignment of entity set_global_assignment -name PARTITION_IMPORT_ASSIGNMENTS ON -section_id Top is ignored
    Warning: Assignment of entity set_global_assignment -name PARTITION_IMPORT_EXISTING_ASSIGNMENTS REPLACE_CONFLICTING -section_id Top is ignored
    Warning: Assignment of entity set_global_assignment -name PARTITION_IMPORT_EXISTING_LOGICLOCK_REGIONS REPLACE_CONFLICTING -section_id Top is ignored
    Warning: Assignment of entity set_global_assignment -name PARTITION_IMPORT_PIN_ASSIGNMENTS ON -section_id Top is ignored
    Warning: Assignment of entity set_global_assignment -name PARTITION_IMPORT_PROMOTE_ASSIGNMENTS ON -section_id Top is ignored
    Warning: Assignment of entity set_global_assignment -name PARTITION_TYPE STANDARD_PARTITION -section_id Top is ignored
Info: Found 1 design units, including 1 entities, in source file rs_232_in.v
    Info: Found entity 1: rs_232_in
Info: Found 1 design units, including 1 entities, in source file rs_232_out.v
    Info: Found entity 1: rs_232_out
Info: Found 1 design units, including 1 entities, in source file ctrl_8250_download.v
    Info: Found entity 1: ctrl_8250_download
Info: Found 1 design units, including 1 entities, in source file 8250_down.bdf
    Info: Found entity 1: 8250_down
Info: Found 1 design units, including 1 entities, in source file clkdiv.v
    Info: Found entity 1: clkdiv
Info: Found 1 design units, including 1 entities, in source file segout.v
    Info: Found entity 1: segout
Info: Found 1 design units, including 1 entities, in source file reg8.v
    Info: Found entity 1: reg8
Info: Elaborating entity "8250_down" for the top level hierarchy
Warning: Pin "pdreset" not connected
Info: Elaborating entity "rs_232_out" for hierarchy "rs_232_out:inst2"
Warning (10230): Verilog HDL assignment warning at rs_232_out.v(51): truncated value with size 32 to match size of target (4)
Info: Elaborating entity "clkdiv" for hierarchy "clkdiv:inst4"
Warning (10230): Verilog HDL assignment warning at clkdiv.v(18): truncated value with size 32 to match size of target (8)
Info: Elaborating entity "ctrl_8250_download" for hierarchy "ctrl_8250_download:inst"
Warning (10240): Verilog HDL Always Construct warning at ctrl_8250_download.v(49): inferring latch(es) for variable "data_bus", which holds its previous value in one or more paths through the always construct
Info (10041): Inferred latch for "data_bus[4]" at ctrl_8250_download.v(59)
Info (10041): Inferred latch for "data_bus[5]" at ctrl_8250_download.v(59)
Info (10041): Inferred latch for "data_bus[6]" at ctrl_8250_download.v(59)
Info (10041): Inferred latch for "data_bus[7]" at ctrl_8250_download.v(59)
Info: Elaborating entity "rs_232_in" for hierarchy "rs_232_in:inst1"
Info: Elaborating entity "segout" for hierarchy "segout:inst3"
Info: Elaborating entity "reg8" for hierarchy "reg8:inst6"
Warning (10036): Verilog HDL or VHDL warning at reg8.v(7): object "count" assigned a value but never read
Warning: Converted presettable and clearable register to equivalent circuits with latches. Registers power-up to an undefined state, and DEVCLRn places the registers in an undefined state.
    Warning (13310): Register "ctrl_8250_download:inst|data_bus[0]" converted into equivalent circuit using register "ctrl_8250_download:inst|data_bus[0]~_emulated" and latch "ctrl_8250_download:inst|data_bus[0]~latch"
    Warning (13310): Register "ctrl_8250_download:inst|data_bus[1]" converted into equivalent circuit using register "ctrl_8250_download:inst|data_bus[1]~_emulated" and latch "ctrl_8250_download:inst|data_bus[1]~latch"
    Warning (13310): Register "ctrl_8250_download:inst|data_bus[2]" converted into equivalent circuit using register "ctrl_8250_download:inst|data_bus[2]~_emulated" and latch "ctrl_8250_download:inst|data_bus[2]~latch"
    Warning (13310): Register "ctrl_8250_download:inst|data_bus[3]" converted into equivalent circuit using register "ctrl_8250_download:inst|data_bus[3]~_emulated" and latch "ctrl_8250_download:inst|data_bus[3]~latch"
Warning: Ignored assignments for entity "8250" -- entity does not exist in design
    Warning: Assignment of entity set_global_assignment -name LL_ROOT_REGION ON -entity 8250 -section_id "Root Region" is ignored
    Warning: Assignment of entity set_global_assignment -name LL_MEMBER_STATE LOCKED -entity 8250 -section_id "Root Region" is ignored
Warning: Design contains 1 input pin(s) that do not drive logic
    Warning (15610): No output dependent on input pin "pdreset"
Info: Implemented 215 device resources after synthesis - the final resource count might be different
    Info: Implemented 22 input pins
    Info: Implemented 19 output pins
    Info: Implemented 174 logic cells
Info: Quartus II Analysis & Synthesis was successful. 0 errors, 30 warnings
    Info: Allocated 178 megabytes of memory during processing
    Info: Processing ended: Tue May 18 21:19:52 2010
    Info: Elapsed time: 00:00:03


