Analysis & Synthesis report for shifter
Tue Jul 13 23:03:10 2010
Quartus II Version 7.2 Build 151 09/26/2007 SJ Full Version


---------------------
; Table of Contents ;
---------------------
  1. Legal Notice
  2. Analysis & Synthesis Summary
  3. Analysis & Synthesis Settings
  4. Analysis & Synthesis Source Files Read
  5. Analysis & Synthesis Resource Usage Summary
  6. Analysis & Synthesis Resource Utilization by Entity
  7. General Register Statistics
  8. Multiplexer Restructuring Statistics (Restructuring Performed)
  9. Analysis & Synthesis Messages



----------------
; Legal Notice ;
----------------
Copyright (C) 1991-2007 Altera Corporation
Your use of Altera Corporation's design tools, logic functions 
and other software and tools, and its AMPP partner logic 
functions, and any output files from any of the foregoing 
(including device programming or simulation files), and any 
associated documentation or information are expressly subject 
to the terms and conditions of the Altera Program License 
Subscription Agreement, Altera MegaCore Function License 
Agreement, or other applicable license agreement, including, 
without limitation, that your use is for the sole purpose of 
programming logic devices manufactured by Altera and sold by 
Altera or its authorized distributors.  Please refer to the 
applicable agreement for further details.



+------------------------------------------------------------------------+
; Analysis & Synthesis Summary                                           ;
+-----------------------------+------------------------------------------+
; Analysis & Synthesis Status ; Successful - Tue Jul 13 23:03:10 2010    ;
; Quartus II Version          ; 7.2 Build 151 09/26/2007 SJ Full Version ;
; Revision Name               ; shifter                                  ;
; Top-level Entity Name       ; top                                      ;
; Family                      ; Cyclone                                  ;
; Total logic elements        ; 35                                       ;
; Total pins                  ; 31                                       ;
; Total virtual pins          ; 0                                        ;
; Total memory bits           ; 0                                        ;
; DSP block 9-bit elements    ; N/A until Partition Merge                ;
; Total PLLs                  ; 0                                        ;
; Total DLLs                  ; N/A until Partition Merge                ;
+-----------------------------+------------------------------------------+


+--------------------------------------------------------------------------------------------------------------------------+
; Analysis & Synthesis Settings                                                                                            ;
+--------------------------------------------------------------------------------+--------------------+--------------------+
; Option                                                                         ; Setting            ; Default Value      ;
+--------------------------------------------------------------------------------+--------------------+--------------------+
; Top-level entity name                                                          ; top                ; shifter            ;
; Family name                                                                    ; Cyclone            ; Stratix II         ;
; Use Generated Physical Constraints File                                        ; Off                ;                    ;
; Use smart compilation                                                          ; Off                ; Off                ;
; Maximum processors allowed for parallel compilation                            ; 1                  ; 1                  ;
; Restructure Multiplexers                                                       ; Auto               ; Auto               ;
; Create Debugging Nodes for IP Cores                                            ; Off                ; Off                ;
; Preserve fewer node names                                                      ; On                 ; On                 ;
; Disable OpenCore Plus hardware evaluation                                      ; Off                ; Off                ;
; Verilog Version                                                                ; Verilog_2001       ; Verilog_2001       ;
; VHDL Version                                                                   ; VHDL93             ; VHDL93             ;
; State Machine Processing                                                       ; Auto               ; Auto               ;
; Safe State Machine                                                             ; Off                ; Off                ;
; Extract Verilog State Machines                                                 ; On                 ; On                 ;
; Extract VHDL State Machines                                                    ; On                 ; On                 ;
; Ignore Verilog initial constructs                                              ; Off                ; Off                ;
; Add Pass-Through Logic to Inferred RAMs                                        ; On                 ; On                 ;
; Parallel Synthesis                                                             ; Off                ; Off                ;
; NOT Gate Push-Back                                                             ; On                 ; On                 ;
; Power-Up Don't Care                                                            ; On                 ; On                 ;
; Remove Redundant Logic Cells                                                   ; Off                ; Off                ;
; Remove Duplicate Registers                                                     ; On                 ; On                 ;
; Ignore CARRY Buffers                                                           ; Off                ; Off                ;
; Ignore CASCADE Buffers                                                         ; Off                ; Off                ;
; Ignore GLOBAL Buffers                                                          ; Off                ; Off                ;
; Ignore ROW GLOBAL Buffers                                                      ; Off                ; Off                ;
; Ignore LCELL Buffers                                                           ; Off                ; Off                ;
; Ignore SOFT Buffers                                                            ; On                 ; On                 ;
; Limit AHDL Integers to 32 Bits                                                 ; Off                ; Off                ;
; Optimization Technique -- Cyclone                                              ; Balanced           ; Balanced           ;
; Carry Chain Length -- Stratix/Stratix GX/Cyclone/MAX II/Cyclone II/Cyclone III ; 70                 ; 70                 ;
; Auto Carry Chains                                                              ; On                 ; On                 ;
; Auto Open-Drain Pins                                                           ; On                 ; On                 ;
; Perform WYSIWYG Primitive Resynthesis                                          ; Off                ; Off                ;
; Perform gate-level register retiming                                           ; Off                ; Off                ;
; Allow register retiming to trade off Tsu/Tco with Fmax                         ; On                 ; On                 ;
; Auto ROM Replacement                                                           ; On                 ; On                 ;
; Auto RAM Replacement                                                           ; On                 ; On                 ;
; Auto Shift Register Replacement                                                ; Auto               ; Auto               ;
; Auto Clock Enable Replacement                                                  ; On                 ; On                 ;
; Allow Synchronous Control Signals                                              ; On                 ; On                 ;
; Force Use of Synchronous Clear Signals                                         ; Off                ; Off                ;
; Auto RAM Block Balancing                                                       ; On                 ; On                 ;
; Auto RAM to Logic Cell Conversion                                              ; Off                ; Off                ;
; Auto Resource Sharing                                                          ; Off                ; Off                ;
; Allow Any RAM Size For Recognition                                             ; Off                ; Off                ;
; Allow Any ROM Size For Recognition                                             ; Off                ; Off                ;
; Allow Any Shift Register Size For Recognition                                  ; Off                ; Off                ;
; Ignore translate_off and synthesis_off directives                              ; Off                ; Off                ;
; Show Parameter Settings Tables in Synthesis Report                             ; On                 ; On                 ;
; Ignore Maximum Fan-Out Assignments                                             ; Off                ; Off                ;
; Retiming Meta-Stability Register Sequence Length                               ; 2                  ; 2                  ;
; PowerPlay Power Optimization                                                   ; Normal compilation ; Normal compilation ;
; HDL message level                                                              ; Level2             ; Level2             ;
; Suppress Register Optimization Related Messages                                ; Off                ; Off                ;
; Number of Removed Registers Reported in Synthesis Report                       ; 100                ; 100                ;
; Clock MUX Protection                                                           ; On                 ; On                 ;
; Block Design Naming                                                            ; Auto               ; Auto               ;
+--------------------------------------------------------------------------------+--------------------+--------------------+


+-------------------------------------------------------------------------------------------------------------------------------------+
; Analysis & Synthesis Source Files Read                                                                                              ;
+----------------------------------+-----------------+------------------------------------+-------------------------------------------+
; File Name with User-Entered Path ; Used in Netlist ; File Type                          ; File Name with Absolute Path              ;
+----------------------------------+-----------------+------------------------------------+-------------------------------------------+
; cnt2.v                           ; yes             ; User Verilog HDL File              ; D:/±à³Ì/verilog HDL/cpu/shifter/cnt2.v    ;
; shifter.v                        ; yes             ; User Verilog HDL File              ; D:/±à³Ì/verilog HDL/cpu/shifter/shifter.v ;
; top.bdf                          ; yes             ; User Block Diagram/Schematic File  ; D:/±à³Ì/verilog HDL/cpu/shifter/top.bdf   ;
+----------------------------------+-----------------+------------------------------------+-------------------------------------------+


+---------------------------------------------------------------+
; Analysis & Synthesis Resource Usage Summary                   ;
+---------------------------------------------+-----------------+
; Resource                                    ; Usage           ;
+---------------------------------------------+-----------------+
; Total logic elements                        ; 35              ;
;     -- Combinational with no register       ; 23              ;
;     -- Register only                        ; 1               ;
;     -- Combinational with a register        ; 11              ;
;                                             ;                 ;
; Logic element usage by number of LUT inputs ;                 ;
;     -- 4 input functions                    ; 6               ;
;     -- 3 input functions                    ; 9               ;
;     -- 2 input functions                    ; 2               ;
;     -- 1 input functions                    ; 17              ;
;     -- 0 input functions                    ; 0               ;
;                                             ;                 ;
; Logic elements by mode                      ;                 ;
;     -- normal mode                          ; 27              ;
;     -- arithmetic mode                      ; 8               ;
;     -- qfbk mode                            ; 0               ;
;     -- register cascade mode                ; 0               ;
;     -- synchronous clear/load mode          ; 6               ;
;     -- asynchronous clear/load mode         ; 0               ;
;                                             ;                 ;
; Total registers                             ; 12              ;
; Total logic cells in carry chains           ; 16              ;
; I/O pins                                    ; 31              ;
; Maximum fan-out node                        ; cnt2:inst1|q[1] ;
; Maximum fan-out                             ; 14              ;
; Total fan-out                               ; 122             ;
; Average fan-out                             ; 1.85            ;
+---------------------------------------------+-----------------+


+-----------------------------------------------------------------------------------------------------------------------------------------------------------------------------------------------------------------------+
; Analysis & Synthesis Resource Utilization by Entity                                                                                                                                                                   ;
+----------------------------+-------------+--------------+-------------+------+--------------+--------------+-------------------+------------------+-----------------+------------+---------------------+--------------+
; Compilation Hierarchy Node ; Logic Cells ; LC Registers ; Memory Bits ; Pins ; Virtual Pins ; LUT-Only LCs ; Register-Only LCs ; LUT/Register LCs ; Carry Chain LCs ; Packed LCs ; Full Hierarchy Name ; Library Name ;
+----------------------------+-------------+--------------+-------------+------+--------------+--------------+-------------------+------------------+-----------------+------------+---------------------+--------------+
; |top                       ; 35 (16)     ; 12           ; 0           ; 31   ; 0            ; 23 (16)      ; 1 (0)             ; 11 (0)           ; 16 (16)         ; 0 (0)      ; |top                ; work         ;
;    |cnt2:inst1|            ; 2 (2)       ; 2            ; 0           ; 0    ; 0            ; 0 (0)        ; 1 (1)             ; 1 (1)            ; 0 (0)           ; 0 (0)      ; |top|cnt2:inst1     ; work         ;
;    |shifter:inst|          ; 17 (17)     ; 10           ; 0           ; 0    ; 0            ; 7 (7)        ; 0 (0)             ; 10 (10)          ; 0 (0)           ; 0 (0)      ; |top|shifter:inst   ; work         ;
+----------------------------+-------------+--------------+-------------+------+--------------+--------------+-------------------+------------------+-----------------+------------+---------------------+--------------+
Note: For table entries with two numbers listed, the numbers in parentheses indicate the number of resources of the given type used by the specific entity alone. The numbers listed outside of parentheses indicate the total resources of the given type used by the specific entity and all of its sub-entities in the hierarchy.


+------------------------------------------------------+
; General Register Statistics                          ;
+----------------------------------------------+-------+
; Statistic                                    ; Value ;
+----------------------------------------------+-------+
; Total registers                              ; 12    ;
; Number of registers using Synchronous Clear  ; 0     ;
; Number of registers using Synchronous Load   ; 6     ;
; Number of registers using Asynchronous Clear ; 0     ;
; Number of registers using Asynchronous Load  ; 0     ;
; Number of registers using Clock Enable       ; 6     ;
; Number of registers using Preset             ; 0     ;
+----------------------------------------------+-------+


+------------------------------------------------------------------------------------------------------------------------------------------+
; Multiplexer Restructuring Statistics (Restructuring Performed)                                                                           ;
+--------------------+-----------+---------------+----------------------+------------------------+------------+----------------------------+
; Multiplexer Inputs ; Bus Width ; Baseline Area ; Area if Restructured ; Saving if Restructured ; Registered ; Example Multiplexer Output ;
+--------------------+-----------+---------------+----------------------+------------------------+------------+----------------------------+
; 4:1                ; 6 bits    ; 12 LEs        ; 12 LEs               ; 0 LEs                  ; Yes        ; |top|shifter:inst|qb[6]    ;
+--------------------+-----------+---------------+----------------------+------------------------+------------+----------------------------+


+-------------------------------+
; Analysis & Synthesis Messages ;
+-------------------------------+
Info: *******************************************************************
Info: Running Quartus II Analysis & Synthesis
    Info: Version 7.2 Build 151 09/26/2007 SJ Full Version
    Info: Processing started: Tue Jul 13 23:03:09 2010
Info: Command: quartus_map --read_settings_files=on --write_settings_files=off shifter -c shifter
Info: Found 1 design units, including 1 entities, in source file cnt2.v
    Info: Found entity 1: cnt2
Info: Found 1 design units, including 1 entities, in source file shifter.v
    Info: Found entity 1: shifter
Info: Found 1 design units, including 1 entities, in source file top.bdf
    Info: Found entity 1: top
Info: Elaborating entity "top" for the top level hierarchy
Info: Elaborating entity "shifter" for hierarchy "shifter:inst"
Warning (10855): Verilog HDL warning at shifter.v(9): initial value for variable tmp should be constant
Info: Elaborating entity "cnt2" for hierarchy "cnt2:inst1"
Warning (10230): Verilog HDL assignment warning at cnt2.v(8): truncated value with size 32 to match size of target (2)
Info: Converted 8 single input CARRY primitives to CARRY_SUM primitives
Warning: Design contains 1 input pin(s) that do not drive logic
    Warning (15610): No output dependent on input pin "co"
Info: Implemented 66 device resources after synthesis - the final resource count might be different
    Info: Implemented 12 input pins
    Info: Implemented 19 output pins
    Info: Implemented 35 logic cells
Info: Quartus II Analysis & Synthesis was successful. 0 errors, 4 warnings
    Info: Allocated 171 megabytes of memory during processing
    Info: Processing ended: Tue Jul 13 23:03:10 2010
    Info: Elapsed time: 00:00:01


